[07-Sep-2024 22:14:44 UTC] PHP Fatal error:  Cannot redeclare wp_enqueue_scripts() (previously declared in /Users/jeremy/Local Sites/dragonscale/app/public/wp-includes/script-loader.php:2263) in /Users/jeremy/Local Sites/dragonscale/app/public/wp-content/themes/dragonscale/functions.php on line 18
[07-Sep-2024 22:14:44 UTC] PHP Fatal error:  Cannot redeclare wp_enqueue_scripts() (previously declared in /Users/jeremy/Local Sites/dragonscale/app/public/wp-includes/script-loader.php:2263) in /Users/jeremy/Local Sites/dragonscale/app/public/wp-content/themes/dragonscale/functions.php on line 18
[08-Sep-2024 16:35:15 UTC] PHP Warning:  Undefined array key "width" in /Users/jeremy/Local Sites/dragonscale/app/public/wp-content/themes/dragonscale-block/functions.php on line 9
[08-Sep-2024 16:35:15 UTC] PHP Warning:  Undefined array key "height" in /Users/jeremy/Local Sites/dragonscale/app/public/wp-content/themes/dragonscale-block/functions.php on line 10
[08-Sep-2024 17:26:56 UTC] PHP Warning:  Undefined array key "width" in /Users/jeremy/Local Sites/dragonscale/app/public/wp-content/themes/dragonscale-block/functions.php on line 9
[08-Sep-2024 17:26:56 UTC] PHP Warning:  Undefined array key "height" in /Users/jeremy/Local Sites/dragonscale/app/public/wp-content/themes/dragonscale-block/functions.php on line 10
[09-Sep-2024 02:27:11 UTC] PHP Warning:  Undefined array key "width" in /Users/jeremy/Local Sites/dragonscale/app/public/wp-content/themes/dragonscale-block/functions.php on line 9
[09-Sep-2024 02:27:11 UTC] PHP Warning:  Undefined array key "height" in /Users/jeremy/Local Sites/dragonscale/app/public/wp-content/themes/dragonscale-block/functions.php on line 10
[09-Sep-2024 02:29:48 UTC] PHP Warning:  Undefined array key "width" in /Users/jeremy/Local Sites/dragonscale/app/public/wp-content/themes/dragonscale-block/functions.php on line 9
[09-Sep-2024 02:29:48 UTC] PHP Warning:  Undefined array key "height" in /Users/jeremy/Local Sites/dragonscale/app/public/wp-content/themes/dragonscale-block/functions.php on line 10
[09-Sep-2024 02:30:59 UTC] PHP Warning:  Undefined array key "width" in /Users/jeremy/Local Sites/dragonscale/app/public/wp-content/themes/dragonscale-block/functions.php on line 9
[09-Sep-2024 02:30:59 UTC] PHP Warning:  Undefined array key "height" in /Users/jeremy/Local Sites/dragonscale/app/public/wp-content/themes/dragonscale-block/functions.php on line 10
[09-Sep-2024 03:06:56 UTC] WordPress database error Server shutdown in progress for query SELECT option_value FROM wp_options WHERE option_name = '_site_transient_update_core' LIMIT 1 made by include('phar:///Applications/Local.app/Contents/Resources/extraResources/bin/wp-cli/wp-cli.phar/php/boot-phar.php'), include('phar:///Applications/Local.app/Contents/Resources/extraResources/bin/wp-cli/wp-cli.phar/vendor/wp-cli/wp-cli/php/wp-cli.php'), WP_CLI\bootstrap, WP_CLI\Bootstrap\LaunchRunner->process, WP_CLI\Runner->start, WP_CLI\Runner->run_command_and_exit, WP_CLI\Runner->run_command, WP_CLI\Dispatcher\Subcommand->invoke, call_user_func, WP_CLI\Dispatcher\CommandFactory::WP_CLI\Dispatcher\{closure}, call_user_func, Core_Command->check_update, Core_Command->get_updates, wp_version_check, get_site_transient, get_site_option, get_network_option, get_option
[17-Oct-2024 15:54:59 UTC] PHP Warning:  file_get_contents(/Users/jeremy/Local Sites/dragonscale/app/public/wp-content/plugins/fakerpress/fakerpress.php): Failed to open stream: No such file or directory in /Users/jeremy/Local Sites/dragonscale/app/public/wp-includes/functions.php on line 6864
[24-Oct-2024 19:26:45 UTC] PHP Fatal error:  Composer detected issues in your platform: Your Composer dependencies require a PHP version ">= 8.2.0". You are running 8.1.29. in /Users/jeremy/Local Sites/dragonscale/app/public/wp-content/themes/uab-theme/vendor/composer/platform_check.php on line 24
[24-Oct-2024 19:26:45 UTC] PHP Warning:  Trying to access array offset on value of type bool in /Users/jeremy/Local Sites/dragonscale/app/public/wp-includes/class-wp-recovery-mode-email-service.php on line 367
[24-Oct-2024 19:26:45 UTC] PHP Warning:  Trying to access array offset on value of type bool in /Users/jeremy/Local Sites/dragonscale/app/public/wp-includes/class-wp-recovery-mode-email-service.php on line 368
[24-Oct-2024 19:26:46 UTC] PHP Fatal error:  Composer detected issues in your platform: Your Composer dependencies require a PHP version ">= 8.2.0". You are running 8.1.29. in /Users/jeremy/Local Sites/dragonscale/app/public/wp-content/themes/uab-theme/vendor/composer/platform_check.php on line 24
[24-Oct-2024 19:31:23 UTC] PHP Fatal error:  Composer detected issues in your platform: Your Composer dependencies require a PHP version ">= 8.2.0". You are running 8.1.29. in /Users/jeremy/Local Sites/dragonscale/app/public/wp-content/themes/uab-theme/vendor/composer/platform_check.php on line 24
[24-Oct-2024 19:31:23 UTC] PHP Fatal error:  Composer detected issues in your platform: Your Composer dependencies require a PHP version ">= 8.2.0". You are running 8.1.29. in /Users/jeremy/Local Sites/dragonscale/app/public/wp-content/themes/uab-theme/vendor/composer/platform_check.php on line 24
[24-Oct-2024 19:38:59 UTC] PHP Fatal error:  Composer detected issues in your platform: Your Composer dependencies require a PHP version ">= 8.2.0". You are running 8.1.29. in /Users/jeremy/Local Sites/dragonscale/app/public/wp-content/themes/uab-theme/vendor/composer/platform_check.php on line 24
[24-Oct-2024 19:38:59 UTC] PHP Fatal error:  Composer detected issues in your platform: Your Composer dependencies require a PHP version ">= 8.2.0". You are running 8.1.29. in /Users/jeremy/Local Sites/dragonscale/app/public/wp-content/themes/uab-theme/vendor/composer/platform_check.php on line 24
[24-Oct-2024 19:38:59 UTC] PHP Fatal error:  Composer detected issues in your platform: Your Composer dependencies require a PHP version ">= 8.2.0". You are running 8.1.29. in /Users/jeremy/Local Sites/dragonscale/app/public/wp-content/themes/uab-theme/vendor/composer/platform_check.php on line 24
[24-Oct-2024 19:39:03 UTC] PHP Fatal error:  Composer detected issues in your platform: Your Composer dependencies require a PHP version ">= 8.2.0". You are running 8.1.29. in /Users/jeremy/Local Sites/dragonscale/app/public/wp-content/themes/uab-theme/vendor/composer/platform_check.php on line 24
[24-Oct-2024 19:39:04 UTC] PHP Fatal error:  Composer detected issues in your platform: Your Composer dependencies require a PHP version ">= 8.2.0". You are running 8.1.29. in /Users/jeremy/Local Sites/dragonscale/app/public/wp-content/themes/uab-theme/vendor/composer/platform_check.php on line 24
[24-Oct-2024 19:42:04 UTC] PHP Warning:  Attempt to read property "ID" on null in /Users/jeremy/Local Sites/dragonscale/app/public/wp-includes/rest-api/endpoints/class-wp-rest-autosaves-controller.php on line 167
[24-Oct-2024 19:42:04 UTC] PHP Warning:  Attempt to read property "ID" on null in /Users/jeremy/Local Sites/dragonscale/app/public/wp-includes/rest-api/endpoints/class-wp-rest-autosaves-controller.php on line 167
