[07-Sep-2024 15:32:47] NOTICE: fpm is running, pid 2475
[07-Sep-2024 15:32:47] NOTICE: ready to handle connections
[08-Sep-2024 22:06:55] NOTICE: Terminating ...
[08-Sep-2024 22:06:55] NOTICE: Terminating ...
[08-Sep-2024 22:06:56] NOTICE: exiting, bye-bye!
[17-Oct-2024 09:41:38] NOTICE: fpm is running, pid 14387
[17-Oct-2024 09:41:38] NOTICE: ready to handle connections
[17-Oct-2024 13:41:29] NOTICE: Terminating ...
[17-Oct-2024 13:41:29] NOTICE: Terminating ...
[17-Oct-2024 13:41:29] NOTICE: exiting, bye-bye!
[24-Oct-2024 14:23:45] NOTICE: fpm is running, pid 30215
[24-Oct-2024 14:23:45] NOTICE: ready to handle connections
[24-Oct-2024 14:27:26] NOTICE: Terminating ...
[24-Oct-2024 14:27:26] NOTICE: exiting, bye-bye!
[24-Oct-2024 14:31:19] NOTICE: fpm is running, pid 37316
[24-Oct-2024 14:31:19] NOTICE: ready to handle connections
[24-Oct-2024 14:33:17] NOTICE: Terminating ...
[24-Oct-2024 14:33:17] NOTICE: Terminating ...
[24-Oct-2024 14:33:17] NOTICE: exiting, bye-bye!
[24-Oct-2024 14:38:57] NOTICE: fpm is running, pid 53067
[24-Oct-2024 14:38:57] NOTICE: ready to handle connections
[24-Oct-2024 14:39:33] NOTICE: Terminating ...
[24-Oct-2024 14:39:33] NOTICE: Terminating ...
[24-Oct-2024 14:39:33] NOTICE: exiting, bye-bye!
[24-Oct-2024 14:39:48] NOTICE: fpm is running, pid 53143
[24-Oct-2024 14:39:48] NOTICE: ready to handle connections
[24-Oct-2024 14:46:04] NOTICE: Terminating ...
[24-Oct-2024 14:46:04] NOTICE: Terminating ...
[24-Oct-2024 14:46:04] NOTICE: exiting, bye-bye!
[24-Oct-2024 15:11:00] NOTICE: fpm is running, pid 55753
[24-Oct-2024 15:11:00] NOTICE: ready to handle connections
[24-Oct-2024 16:25:18] NOTICE: Terminating ...
[24-Oct-2024 16:25:18] NOTICE: Terminating ...
[24-Oct-2024 16:25:18] NOTICE: exiting, bye-bye!
[26-Oct-2024 16:00:40] NOTICE: fpm is running, pid 10764
[26-Oct-2024 16:00:40] NOTICE: ready to handle connections
